#
# A fatal error has been detected by the Java Runtime Environment:
#
#  SIGSEGV (0xb) at pc=0x00007f204ffc64ba, pid=2980, tid=139776096184064
#
# JRE version: Java(TM) SE Runtime Environment (7.0_80-b15) (build 1.7.0_80-b15)
# Java VM: Java HotSpot(TM) 64-Bit Server VM (24.80-b11 mixed mode linux-amd64 compressed oops)
# Problematic frame:
# v  ~BufferBlob::jni_fast_GetLongField
#
# Failed to write core dump. Core dumps have been disabled. To enable core dumping, try "ulimit -c unlimited" before starting Java again
#
# If you would like to submit a bug report, please visit:
#   http://bugreport.java.com/bugreport/crash.jsp
# The crash happened outside the Java Virtual Machine in native code.
# See problematic frame for where to report the bug.
#

---------------  T H R E A D  ---------------

Current thread (0x00007f20541ad000):  JavaThread "AWT-XAWT" daemon [_thread_in_native, id=3002, stack(0x00007f20287fa000,0x00007f20288fb000)]

siginfo:si_signo=SIGSEGV: si_errno=0, si_code=1 (SEGV_MAPERR), si_addr=0x0000000000000000

Registers:
RAX=0x00007f20592f02c0, RBX=0x00000000bf3a7648, RCX=0x00007f2059d45320, RDX=0x0000000000000042
RSP=0x00007f20288f95b8, RBP=0x00007f20288f95e0, RSI=0x0000000000000000, RDI=0x00007f20541ad1e8
R8 =0x00000000000001f4, R9 =0x0000000000000000, R10=0x0000000000000004, R11=0x00007f2058d89940
R12=0x00007f20541ad1e8, R13=0x0000000000000000, R14=0x00007f202a215fe0, R15=0x00007f20541ad000
RIP=0x00007f204ffc64ba, EFLAGS=0x0000000000010246, CSGSFS=0x0000000000000033, ERR=0x0000000000000004
  TRAPNO=0x000000000000000e

Top of Stack: (sp=0x00007f20288f95b8)
0x00007f20288f95b8:   00007f2029fe0851 00000000bf3a7648
0x00007f20288f95c8:   00007f1ff400d4f0 00000000bf3a7648
0x00007f20288f95d8:   00007f20288f96c8 0000000000000000
0x00007f20288f95e8:   00007f2029adcae8 00000000bf3a7648
0x00007f20288f95f8:   00007f20288f9620 0000000000000000
0x00007f20288f9608:   00007f2029ad49a3 00000000bf3a7648
0x00007f20288f9618:   00007f2029fd66df 00007f20288f9690
0x00007f20288f9628:   00007f204ff7dd98 00000000bf2d6848
0x00007f20288f9638:   0000000000000000 00007f20288f9660
0x00007f20288f9648:   00007f20288f96b0 00007f20288f9650
0x00007f20288f9658:   0000000000000000 00007f20288f96c8
0x00007f20288f9668:   00000000bf3ad718 0000000000000000
0x00007f20288f9678:   00000000bf3a7648 0000000000000000
0x00007f20288f9688:   00007f20288f96b0 00007f20288f9710
0x00007f20288f9698:   00007f204ff71350 00000000ec154a60
0x00007f20288f96a8:   00007f204ff79cc0 0000000000000000
0x00007f20288f96b8:   00007f20288f9710 00007f1ffc000e30
0x00007f20288f96c8:   00000000ec1b35c0 00007f20288f96d0
0x00007f20288f96d8:   00000000bf472ce4 00007f20288f9758
0x00007f20288f96e8:   00000000bf47e538 00000000bf84b060
0x00007f20288f96f8:   00000000bf472e18 00007f20288f96b0
0x00007f20288f9708:   00007f20288f9750 00007f20288f97a0
0x00007f20288f9718:   00007f204ff71058 0000000000000000
0x00007f20288f9728:   00000000ec274f78 0000000000000000
0x00007f20288f9738:   0000000000000000 0000000000000000
0x00007f20288f9748:   00000000ec1b35c0 0000000000000000
0x00007f20288f9758:   00000000ec167240 00007f20288f9760
0x00007f20288f9768:   00000000bf472aed 00007f20288f97b0
0x00007f20288f9778:   00000000bf47e538 0000000000000000
0x00007f20288f9788:   00000000bf472af8 00007f20288f9750
0x00007f20288f9798:   00007f20288f97b0 00007f20288f97f8
0x00007f20288f97a8:   00007f204ff71706 00000000ec167240 

Instructions: (pc=0x00007f204ffc64ba)
0x00007f204ffc649a:   00 00 00 00 00 00 44 8b 15 41 d9 35 09 4c 8b ce
0x00007f204ffc64aa:   41 f6 c2 01 0f 85 2e 00 00 00 4d 33 ca 4d 33 ca
0x00007f204ffc64ba:   4d 8b 09 4c 8b da 49 c1 eb 02 4b 8b 04 19 49 bb
0x00007f204ffc64ca:   e8 3d 32 59 20 7f 00 00 4c 33 d8 4c 33 d8 45 3b 

Register to memory mapping:

RAX=0x00007f20592f02c0: <offset 0xe1c2c0> in /usr/lib/jvm/java-7-oracle/jre/lib/amd64/server/libjvm.so at 0x00007f20584d4000
RBX=0x00000000bf3a7648 is an oop
{method} 
 - klass: {other class}
RCX=0x00007f2059d45320: <offset 0x219320> in /lib/x86_64-linux-gnu/libpthread.so.0 at 0x00007f2059b2c000
RDX=0x0000000000000042 is an unknown value
RSP=0x00007f20288f95b8 is pointing into the stack for thread: 0x00007f20541ad000
RBP=0x00007f20288f95e0 is pointing into the stack for thread: 0x00007f20541ad000
RSI=0x0000000000000000 is an unknown value
RDI=0x00007f20541ad1e8 is an unknown value
R8 =0x00000000000001f4 is an unknown value
R9 =0x0000000000000000 is an unknown value
R10=0x0000000000000004 is an unknown value
R11=0x00007f2058d89940: <offset 0x8b5940> in /usr/lib/jvm/java-7-oracle/jre/lib/amd64/server/libjvm.so at 0x00007f20584d4000
R12=0x00007f20541ad1e8 is an unknown value
R13=0x0000000000000000 is an unknown value
R14=0x00007f202a215fe0: <offset 0x253fe0> in /usr/lib/jvm/java-7-oracle/jre/lib/amd64/xawt/libmawt.so at 0x00007f2029fc2000
R15=0x00007f20541ad000 is a thread


Stack: [0x00007f20287fa000,0x00007f20288fb000],  sp=0x00007f20288f95b8,  free space=1021k
Native frames: (J=compiled Java code, j=interpreted, Vv=VM code, C=native code)
v  ~BufferBlob::jni_fast_GetLongField

Java frames: (J=compiled Java code, j=interpreted, Vv=VM code)
j  sun.awt.X11.XlibWrapper.XFilterEvent(JJ)Z+0
j  sun.awt.X11.XToolkit.run(Z)V+300
j  sun.awt.X11.XToolkit.run()V+5
j  java.lang.Thread.run()V+11
v  ~StubRoutines::call_stub

---------------  P R O C E S S  ---------------

Java Threads: ( => current thread )
  0x00007f205400a000 JavaThread "DestroyJavaVM" [_thread_blocked, id=2984, stack(0x00007f2059e4c000,0x00007f2059f4d000)]
  0x00007f1ffc003800 JavaThread "AWT-EventQueue-0" [_thread_blocked, id=3004, stack(0x00007f20285f8000,0x00007f20286f9000)]
  0x00007f205420d000 JavaThread "AWT-Shutdown" [_thread_blocked, id=3003, stack(0x00007f20286f9000,0x00007f20287fa000)]
=>0x00007f20541ad000 JavaThread "AWT-XAWT" daemon [_thread_in_native, id=3002, stack(0x00007f20287fa000,0x00007f20288fb000)]
  0x00007f2054189000 JavaThread "Java2D Disposer" daemon [_thread_blocked, id=3001, stack(0x00007f2028d0b000,0x00007f2028e0c000)]
  0x00007f20540a1000 JavaThread "Service Thread" daemon [_thread_blocked, id=2999, stack(0x00007f202a5ea000,0x00007f202a6eb000)]
  0x00007f205409f000 JavaThread "C2 CompilerThread1" daemon [_thread_blocked, id=2998, stack(0x00007f202a6eb000,0x00007f202a7ec000)]
  0x00007f205409c000 JavaThread "C2 CompilerThread0" daemon [_thread_blocked, id=2997, stack(0x00007f202a7ec000,0x00007f202a8ed000)]
  0x00007f2054099800 JavaThread "Signal Dispatcher" daemon [_thread_blocked, id=2996, stack(0x00007f202a8ed000,0x00007f202a9ee000)]
  0x00007f2054078800 JavaThread "Finalizer" daemon [_thread_blocked, id=2995, stack(0x00007f202b0d0000,0x00007f202b1d1000)]
  0x00007f2054076800 JavaThread "Reference Handler" daemon [_thread_blocked, id=2994, stack(0x00007f202b1d1000,0x00007f202b2d2000)]

Other Threads:
  0x00007f2054072800 VMThread [stack: 0x00007f202b2d2000,0x00007f202b3d3000] [id=2993]
  0x00007f20540ac000 WatcherThread [stack: 0x00007f202a4e9000,0x00007f202a5ea000] [id=3000]

VM state:not at safepoint (normal execution)

VM Mutex/Monitor currently owned by a thread: None

Heap
 PSYoungGen      total 17920K, used 4633K [0x00000000ec080000, 0x00000000ed480000, 0x0000000100000000)
  eden space 15360K, 30% used [0x00000000ec080000,0x00000000ec506560,0x00000000ecf80000)
  from space 2560K, 0% used [0x00000000ed200000,0x00000000ed200000,0x00000000ed480000)
  to   space 2560K, 0% used [0x00000000ecf80000,0x00000000ecf80000,0x00000000ed200000)
 ParOldGen       total 40448K, used 0K [0x00000000c4200000, 0x00000000c6980000, 0x00000000ec080000)
  object space 40448K, 0% used [0x00000000c4200000,0x00000000c4200000,0x00000000c6980000)
 PSPermGen       total 21504K, used 8502K [0x00000000bf000000, 0x00000000c0500000, 0x00000000c4200000)
  object space 21504K, 39% used [0x00000000bf000000,0x00000000bf84d9c0,0x00000000c0500000)

Card table byte_map: [0x00007f204fd62000,0x00007f204ff6b000] byte_map_base: 0x00007f204f76a000

Polling page: 0x00007f2059f69000

Code Cache  [0x00007f204ff6b000, 0x00007f20501db000, 0x00007f2052f6b000)
 total_blobs=438 nmethods=35 adapters=356 free_code_cache=48607Kb largest_free_block=49749312

Compilation events (10 events):
Event: 1552,584 Thread 0x00007f205409c000   31             java.util.concurrent.locks.ReentrantLock::lock (8 bytes)
Event: 1552,584 Thread 0x00007f205409f000   32             java.util.concurrent.locks.ReentrantLock$NonfairSync::lock (25 bytes)
Event: 1552,584 Thread 0x00007f205409c000 nmethod 31 0x00007f204ffeca90 code [0x00007f204ffecbe0, 0x00007f204ffeccf8]
Event: 1552,584 Thread 0x00007f205409f000 nmethod 32 0x00007f204ffec6d0 code [0x00007f204ffec820, 0x00007f204ffec938]
Event: 1721,008 Thread 0x00007f205409c000   33             sun.awt.SunToolkit::awtLock (7 bytes)
Event: 1721,008 Thread 0x00007f205409f000   34             sun.awt.SunToolkit::awtUnlock (7 bytes)
Event: 1721,009 Thread 0x00007f205409f000 nmethod 34 0x00007f204ffec350 code [0x00007f204ffec4a0, 0x00007f204ffec588]
Event: 1721,009 Thread 0x00007f205409c000 nmethod 33 0x00007f204fff7650 code [0x00007f204fff77a0, 0x00007f204fff78b8]
Event: 2067,549 Thread 0x00007f205409c000   35             sun.awt.X11.XToolkit::getDisplay (4 bytes)
Event: 2067,549 Thread 0x00007f205409c000 nmethod 35 0x00007f204ffec150 code [0x00007f204ffec280, 0x00007f204ffec2d8]

GC Heap History (0 events):
No events

Deoptimization events (5 events):
Event: 0,082 Thread 0x00007f205400a000 Uncommon trap: reason=unstable_if action=reinterpret pc=0x00007f204ffe09b4 method=java.lang.String.indexOf(II)I @ 49
Event: 0,140 Thread 0x00007f1ffc003800 Uncommon trap: reason=class_check action=maybe_recompile pc=0x00007f204ffe7824 method=java.util.Properties$LineReader.readLine()I @ 62
Event: 0,140 Thread 0x00007f1ffc003800 Uncommon trap: reason=unstable_if action=reinterpret pc=0x00007f204ffe74ac method=java.util.Properties$LineReader.readLine()I @ 315
Event: 2206,610 Thread 0x00007f20541ad000 Uncommon trap: reason=unstable_if action=reinterpret pc=0x00007f204fff785c method=java.util.concurrent.locks.ReentrantLock$Sync.nonfairTryAcquire(I)Z @ 34
Event: 2206,617 Thread 0x00007f1ffc003800 Uncommon trap: reason=unstable_if action=reinterpret pc=0x00007f204ffecca0 method=java.util.concurrent.locks.ReentrantLock$Sync.nonfairTryAcquire(I)Z @ 34

Internal exceptions (10 events):
Event: 0,035 Thread 0x00007f205400a000 Threw 0x00000000ec1368a0 at /HUDSON/workspace/7u-2-build-linux-amd64/jdk7u80/2329/hotspot/src/share/vm/prims/jvm.cpp:1319
Event: 0,035 Thread 0x00007f205400a000 Threw 0x00000000ec1369c8 at /HUDSON/workspace/7u-2-build-linux-amd64/jdk7u80/2329/hotspot/src/share/vm/prims/jvm.cpp:1319
Event: 0,036 Thread 0x00007f205400a000 Threw 0x00000000ec13ab60 at /HUDSON/workspace/7u-2-build-linux-amd64/jdk7u80/2329/hotspot/src/share/vm/prims/jvm.cpp:1319
Event: 0,036 Thread 0x00007f205400a000 Threw 0x00000000ec13ac88 at /HUDSON/workspace/7u-2-build-linux-amd64/jdk7u80/2329/hotspot/src/share/vm/prims/jvm.cpp:1319
Event: 0,038 Thread 0x00007f205400a000 Threw 0x00000000ec142920 at /HUDSON/workspace/7u-2-build-linux-amd64/jdk7u80/2329/hotspot/src/share/vm/prims/jni.cpp:717
Event: 0,038 Thread 0x00007f205400a000 Threw 0x00000000ec143310 at /HUDSON/workspace/7u-2-build-linux-amd64/jdk7u80/2329/hotspot/src/share/vm/prims/jni.cpp:717
Event: 0,077 Thread 0x00007f205400a000 Threw 0x00000000ec20f380 at /HUDSON/workspace/7u-2-build-linux-amd64/jdk7u80/2329/hotspot/src/share/vm/prims/jvm.cpp:1319
Event: 0,077 Thread 0x00007f205400a000 Threw 0x00000000ec210628 at /HUDSON/workspace/7u-2-build-linux-amd64/jdk7u80/2329/hotspot/src/share/vm/prims/jvm.cpp:1319
Event: 0,078 Thread 0x00007f205400a000 Threw 0x00000000ec216168 at /HUDSON/workspace/7u-2-build-linux-amd64/jdk7u80/2329/hotspot/src/share/vm/prims/jvm.cpp:1319
Event: 0,078 Thread 0x00007f205400a000 Threw 0x00000000ec217410 at /HUDSON/workspace/7u-2-build-linux-amd64/jdk7u80/2329/hotspot/src/share/vm/prims/jvm.cpp:1319

Events (10 events):
Event: 146,220 loading class 0x00007f20540fe7b0
Event: 146,220 loading class 0x00007f20540fe7b0 done
Event: 2206,425 loading class 0x00007f20540a3cc0
Event: 2206,520 loading class 0x00007f20540a3cc0 done
Event: 2206,610 Thread 0x00007f20541ad000 Uncommon trap: trap_request=0xffffff75 fr.pc=0x00007f204fff785c
Event: 2206,610 Thread 0x00007f20541ad000 DEOPT PACKING pc=0x00007f204fff785c sp=0x00007f20288f9140
Event: 2206,610 Thread 0x00007f20541ad000 DEOPT UNPACKING pc=0x00007f204ffa4445 sp=0x00007f20288f8f28 mode 2
Event: 2206,617 Thread 0x00007f1ffc003800 Uncommon trap: trap_request=0xffffff75 fr.pc=0x00007f204ffecca0
Event: 2206,617 Thread 0x00007f1ffc003800 DEOPT PACKING pc=0x00007f204ffecca0 sp=0x00007f20286f4fb0
Event: 2206,617 Thread 0x00007f1ffc003800 DEOPT UNPACKING pc=0x00007f204ffa4445 sp=0x00007f20286f4df0 mode 2


Dynamic libraries:
00400000-00401000 r-xp 00000000 08:02 11538540                           /usr/lib/jvm/java-7-oracle/bin/java
00600000-00601000 rw-p 00000000 08:02 11538540                           /usr/lib/jvm/java-7-oracle/bin/java
021a5000-021c6000 rw-p 00000000 00:00 0                                  [heap]
bf000000-c0500000 rw-p 00000000 00:00 0 
c0500000-c4200000 rw-p 00000000 00:00 0 
c4200000-c6980000 rw-p 00000000 00:00 0 
c6980000-ec080000 rw-p 00000000 00:00 0 
ec080000-ed480000 rw-p 00000000 00:00 0 
ed480000-100000000 rw-p 00000000 00:00 0 
7f1ff4000000-7f1ff4087000 rw-p 00000000 00:00 0 
7f1ff4087000-7f1ff8000000 ---p 00000000 00:00 0 
7f1ffb959000-7f1ffb9c2000 r-xp 00000000 08:02 10760964                   /usr/lib/jvm/java-7-oracle/jre/lib/amd64/libt2k.so
7f1ffb9c2000-7f1ffbbc1000 ---p 00069000 08:02 10760964                   /usr/lib/jvm/java-7-oracle/jre/lib/amd64/libt2k.so
7f1ffbbc1000-7f1ffbbc8000 rw-p 00068000 08:02 10760964                   /usr/lib/jvm/java-7-oracle/jre/lib/amd64/libt2k.so
7f1ffbbc8000-7f1ffbbd8000 rw-p 00000000 00:00 0 
7f1ffbbd8000-7f1ffbbe8000 r-xp 00000000 08:02 10760952                   /usr/lib/jvm/java-7-oracle/jre/lib/amd64/libnio.so
7f1ffbbe8000-7f1ffbde8000 ---p 00010000 08:02 10760952                   /usr/lib/jvm/java-7-oracle/jre/lib/amd64/libnio.so
7f1ffbde8000-7f1ffbde9000 rw-p 00010000 08:02 10760952                   /usr/lib/jvm/java-7-oracle/jre/lib/amd64/libnio.so
7f1ffbde9000-7f1ffbe00000 r-xp 00000000 08:02 10760953                   /usr/lib/jvm/java-7-oracle/jre/lib/amd64/libnet.so
7f1ffbe00000-7f1ffbfff000 ---p 00017000 08:02 10760953                   /usr/lib/jvm/java-7-oracle/jre/lib/amd64/libnet.so
7f1ffbfff000-7f1ffc000000 rw-p 00016000 08:02 10760953                   /usr/lib/jvm/java-7-oracle/jre/lib/amd64/libnet.so
7f1ffc000000-7f1ffc021000 rw-p 00000000 00:00 0 
7f1ffc021000-7f2000000000 ---p 00000000 00:00 0 
7f2000000000-7f2000021000 rw-p 00000000 00:00 0 
7f2000021000-7f2004000000 ---p 00000000 00:00 0 
7f2004000000-7f2004021000 rw-p 00000000 00:00 0 
7f2004021000-7f2008000000 ---p 00000000 00:00 0 
7f2008000000-7f2008021000 rw-p 00000000 00:00 0 
7f2008021000-7f200c000000 ---p 00000000 00:00 0 
7f200c000000-7f200c1dd000 rw-p 00000000 00:00 0 
7f200c1dd000-7f2010000000 ---p 00000000 00:00 0 
7f2010000000-7f2010021000 rw-p 00000000 00:00 0 
7f2010021000-7f2014000000 ---p 00000000 00:00 0 
7f2014000000-7f2014021000 rw-p 00000000 00:00 0 
7f2014021000-7f2018000000 ---p 00000000 00:00 0 
7f2018000000-7f201812c000 rw-p 00000000 00:00 0 
7f201812c000-7f201c000000 ---p 00000000 00:00 0 
7f201c000000-7f201c021000 rw-p 00000000 00:00 0 
7f201c021000-7f2020000000 ---p 00000000 00:00 0 
7f2020000000-7f2020021000 rw-p 00000000 00:00 0 
7f2020021000-7f2024000000 ---p 00000000 00:00 0 
7f2024000000-7f2024021000 rw-p 00000000 00:00 0 
7f2024021000-7f2028000000 ---p 00000000 00:00 0 
7f2028138000-7f2028169000 rw-p 00000000 00:00 0 
7f2028169000-7f202817f000 r-xp 00000000 08:02 3149963                    /lib/x86_64-linux-gnu/libgcc_s.so.1
7f202817f000-7f202837e000 ---p 00016000 08:02 3149963                    /lib/x86_64-linux-gnu/libgcc_s.so.1
7f202837e000-7f202837f000 rw-p 00015000 08:02 3149963                    /lib/x86_64-linux-gnu/libgcc_s.so.1
7f202837f000-7f20283e4000 r-xp 00000000 08:02 10760984                   /usr/lib/jvm/java-7-oracle/jre/lib/amd64/libfontmanager.so
7f20283e4000-7f20285e3000 ---p 00065000 08:02 10760984                   /usr/lib/jvm/java-7-oracle/jre/lib/amd64/libfontmanager.so
7f20285e3000-7f20285e8000 rw-p 00064000 08:02 10760984                   /usr/lib/jvm/java-7-oracle/jre/lib/amd64/libfontmanager.so
7f20285e8000-7f20285f8000 rw-p 00000000 00:00 0 
7f20285f8000-7f20285fb000 ---p 00000000 00:00 0 
7f20285fb000-7f20286f9000 rw-p 00000000 00:00 0                          [stack:3004]
7f20286f9000-7f20286fc000 ---p 00000000 00:00 0 
7f20286fc000-7f20287fa000 rw-p 00000000 00:00 0                          [stack:3003]
7f20287fa000-7f20287fd000 ---p 00000000 00:00 0 
7f20287fd000-7f20288fb000 rw-p 00000000 00:00 0                          [stack:3002]
7f20288fb000-7f2028900000 r-xp 00000000 08:02 10756000                   /usr/lib/x86_64-linux-gnu/libXfixes.so.3.1.0
7f2028900000-7f2028aff000 ---p 00005000 08:02 10756000                   /usr/lib/x86_64-linux-gnu/libXfixes.so.3.1.0
7f2028aff000-7f2028b00000 r--p 00004000 08:02 10756000                   /usr/lib/x86_64-linux-gnu/libXfixes.so.3.1.0
7f2028b00000-7f2028b01000 rw-p 00005000 08:02 10756000                   /usr/lib/x86_64-linux-gnu/libXfixes.so.3.1.0
7f2028b01000-7f2028b0a000 r-xp 00000000 08:02 10755992                   /usr/lib/x86_64-linux-gnu/libXcursor.so.1.0.2
7f2028b0a000-7f2028d09000 ---p 00009000 08:02 10755992                   /usr/lib/x86_64-linux-gnu/libXcursor.so.1.0.2
7f2028d09000-7f2028d0a000 r--p 00008000 08:02 10755992                   /usr/lib/x86_64-linux-gnu/libXcursor.so.1.0.2
7f2028d0a000-7f2028d0b000 rw-p 00009000 08:02 10755992                   /usr/lib/x86_64-linux-gnu/libXcursor.so.1.0.2
7f2028d0b000-7f2028d0e000 ---p 00000000 00:00 0 
7f2028d0e000-7f2028e0c000 rw-p 00000000 00:00 0                          [stack:3001]
7f2028e0c000-7f2028e32000 r--p 00000000 08:02 12079593                   /usr/share/locale-langpack/es/LC_MESSAGES/libc.mo
7f2028e32000-7f2028e37000 r-xp 00000000 08:02 10755996                   /usr/lib/x86_64-linux-gnu/libXdmcp.so.6.0.0
7f2028e37000-7f2029036000 ---p 00005000 08:02 10755996                   /usr/lib/x86_64-linux-gnu/libXdmcp.so.6.0.0
7f2029036000-7f2029037000 r--p 00004000 08:02 10755996                   /usr/lib/x86_64-linux-gnu/libXdmcp.so.6.0.0
7f2029037000-7f2029038000 rw-p 00005000 08:02 10755996                   /usr/lib/x86_64-linux-gnu/libXdmcp.so.6.0.0
7f2029038000-7f202903a000 r-xp 00000000 08:02 10755985                   /usr/lib/x86_64-linux-gnu/libXau.so.6.0.0
7f202903a000-7f202923a000 ---p 00002000 08:02 10755985                   /usr/lib/x86_64-linux-gnu/libXau.so.6.0.0
7f202923a000-7f202923b000 r--p 00002000 08:02 10755985                   /usr/lib/x86_64-linux-gnu/libXau.so.6.0.0
7f202923b000-7f202923c000 rw-p 00003000 08:02 10755985                   /usr/lib/x86_64-linux-gnu/libXau.so.6.0.0
7f202923c000-7f2029259000 r-xp 00000000 08:02 10757051                   /usr/lib/x86_64-linux-gnu/libxcb.so.1.1.0
7f2029259000-7f2029459000 ---p 0001d000 08:02 10757051                   /usr/lib/x86_64-linux-gnu/libxcb.so.1.1.0
7f2029459000-7f202945a000 r--p 0001d000 08:02 10757051                   /usr/lib/x86_64-linux-gnu/libxcb.so.1.1.0
7f202945a000-7f202945b000 rw-p 0001e000 08:02 10757051                   /usr/lib/x86_64-linux-gnu/libxcb.so.1.1.0
7f202945b000-7f202946a000 r-xp 00000000 08:02 10756006                   /usr/lib/x86_64-linux-gnu/libXi.so.6.1.0
7f202946a000-7f2029669000 ---p 0000f000 08:02 10756006                   /usr/lib/x86_64-linux-gnu/libXi.so.6.1.0
7f2029669000-7f202966a000 r--p 0000e000 08:02 10756006                   /usr/lib/x86_64-linux-gnu/libXi.so.6.1.0
7f202966a000-7f202966b000 rw-p 0000f000 08:02 10756006                   /usr/lib/x86_64-linux-gnu/libXi.so.6.1.0
7f202966b000-7f2029670000 r-xp 00000000 08:02 10756026                   /usr/lib/x86_64-linux-gnu/libXtst.so.6.1.0
7f2029670000-7f202986f000 ---p 00005000 08:02 10756026                   /usr/lib/x86_64-linux-gnu/libXtst.so.6.1.0
7f202986f000-7f2029870000 r--p 00004000 08:02 10756026                   /usr/lib/x86_64-linux-gnu/libXtst.so.6.1.0
7f2029870000-7f2029871000 rw-p 00005000 08:02 10756026                   /usr/lib/x86_64-linux-gnu/libXtst.so.6.1.0
7f2029871000-7f202987a000 r-xp 00000000 08:02 10756020                   /usr/lib/x86_64-linux-gnu/libXrender.so.1.3.0
7f202987a000-7f2029a79000 ---p 00009000 08:02 10756020                   /usr/lib/x86_64-linux-gnu/libXrender.so.1.3.0
7f2029a79000-7f2029a7a000 r--p 00008000 08:02 10756020                   /usr/lib/x86_64-linux-gnu/libXrender.so.1.3.0
7f2029a7a000-7f2029a7b000 rw-p 00009000 08:02 10756020                   /usr/lib/x86_64-linux-gnu/libXrender.so.1.3.0
7f2029a7b000-7f2029bab000 r-xp 00000000 08:02 10755981                   /usr/lib/x86_64-linux-gnu/libX11.so.6.3.0
7f2029bab000-7f2029dab000 ---p 00130000 08:02 10755981                   /usr/lib/x86_64-linux-gnu/libX11.so.6.3.0
7f2029dab000-7f2029dac000 r--p 00130000 08:02 10755981                   /usr/lib/x86_64-linux-gnu/libX11.so.6.3.0
7f2029dac000-7f2029db0000 rw-p 00131000 08:02 10755981                   /usr/lib/x86_64-linux-gnu/libX11.so.6.3.0
7f2029db0000-7f2029dc1000 r-xp 00000000 08:02 10755998                   /usr/lib/x86_64-linux-gnu/libXext.so.6.4.0
7f2029dc1000-7f2029fc0000 ---p 00011000 08:02 10755998                   /usr/lib/x86_64-linux-gnu/libXext.so.6.4.0
7f2029fc0000-7f2029fc1000 r--p 00010000 08:02 10755998                   /usr/lib/x86_64-linux-gnu/libXext.so.6.4.0
7f2029fc1000-7f2029fc2000 rw-p 00011000 08:02 10755998                   /usr/lib/x86_64-linux-gnu/libXext.so.6.4.0
7f2029fc2000-7f202a012000 r-xp 00000000 08:02 11015100                   /usr/lib/jvm/java-7-oracle/jre/lib/amd64/xawt/libmawt.so
7f202a012000-7f202a212000 ---p 00050000 08:02 11015100                   /usr/lib/jvm/java-7-oracle/jre/lib/amd64/xawt/libmawt.so
7f202a212000-7f202a216000 rw-p 00050000 08:02 11015100                   /usr/lib/jvm/java-7-oracle/jre/lib/amd64/xawt/libmawt.so
7f202a216000-7f202a217000 rw-p 00000000 00:00 0 
7f202a217000-7f202a2b9000 r-xp 00000000 08:02 10760965                   /usr/lib/jvm/java-7-oracle/jre/lib/amd64/libawt.so
7f202a2b9000-7f202a4b9000 ---p 000a2000 08:02 10760965                   /usr/lib/jvm/java-7-oracle/jre/lib/amd64/libawt.so
7f202a4b9000-7f202a4c5000 rw-p 000a2000 08:02 10760965                   /usr/lib/jvm/java-7-oracle/jre/lib/amd64/libawt.so
7f202a4c5000-7f202a4e9000 rw-p 00000000 00:00 0 
7f202a4e9000-7f202a4ea000 ---p 00000000 00:00 0 
7f202a4ea000-7f202a5ea000 rw-p 00000000 00:00 0                          [stack:3000]
7f202a5ea000-7f202a5ed000 ---p 00000000 00:00 0 
7f202a5ed000-7f202a6eb000 rw-p 00000000 00:00 0                          [stack:2999]
7f202a6eb000-7f202a6ee000 ---p 00000000 00:00 0 
7f202a6ee000-7f202a7ec000 rw-p 00000000 00:00 0                          [stack:2998]
7f202a7ec000-7f202a7ef000 ---p 00000000 00:00 0 
7f202a7ef000-7f202a8ed000 rw-p 00000000 00:00 0                          [stack:2997]
7f202a8ed000-7f202a8f0000 ---p 00000000 00:00 0 
7f202a8f0000-7f202a9ee000 rw-p 00000000 00:00 0                          [stack:2996]
7f202a9ee000-7f202b0d0000 r--p 00000000 08:02 10754974                   /usr/lib/locale/locale-archive
7f202b0d0000-7f202b0d3000 ---p 00000000 00:00 0 
7f202b0d3000-7f202b1d1000 rw-p 00000000 00:00 0                          [stack:2995]
7f202b1d1000-7f202b1d4000 ---p 00000000 00:00 0 
7f202b1d4000-7f202b2d2000 rw-p 00000000 00:00 0                          [stack:2994]
7f202b2d2000-7f202b2d3000 ---p 00000000 00:00 0 
7f202b2d3000-7f202c000000 rw-p 00000000 00:00 0                          [stack:2993]
7f202c000000-7f202c021000 rw-p 00000000 00:00 0 
7f202c021000-7f2030000000 ---p 00000000 00:00 0 
7f2030000000-7f2030021000 rw-p 00000000 00:00 0 
7f2030021000-7f2034000000 ---p 00000000 00:00 0 
7f2034000000-7f2034021000 rw-p 00000000 00:00 0 
7f2034021000-7f2038000000 ---p 00000000 00:00 0 
7f2038000000-7f2038021000 rw-p 00000000 00:00 0 
7f2038021000-7f203c000000 ---p 00000000 00:00 0 
7f203c000000-7f203c021000 rw-p 00000000 00:00 0 
7f203c021000-7f2040000000 ---p 00000000 00:00 0 
7f2040000000-7f2040021000 rw-p 00000000 00:00 0 
7f2040021000-7f2044000000 ---p 00000000 00:00 0 
7f2044000000-7f2044021000 rw-p 00000000 00:00 0 
7f2044021000-7f2048000000 ---p 00000000 00:00 0 
7f2048000000-7f2048021000 rw-p 00000000 00:00 0 
7f2048021000-7f204c000000 ---p 00000000 00:00 0 
7f204c000000-7f204d041000 rw-p 00000000 00:00 0 
7f204d041000-7f204d201000 r--s 039fb000 08:02 10760911                   /usr/lib/jvm/java-7-oracle/jre/lib/rt.jar
7f204d201000-7f204f55a000 rw-p 00000000 00:00 0 
7f204f55a000-7f204f55b000 ---p 00000000 00:00 0 
7f204f55b000-7f204f65b000 rw-p 00000000 00:00 0                          [stack:2992]
7f204f65b000-7f204f65c000 ---p 00000000 00:00 0 
7f204f65c000-7f204f75c000 rw-p 00000000 00:00 0                          [stack:2991]
7f204f75c000-7f204f75d000 ---p 00000000 00:00 0 
7f204f75d000-7f204f85d000 rw-p 00000000 00:00 0                          [stack:2990]
7f204f85d000-7f204f85e000 ---p 00000000 00:00 0 
7f204f85e000-7f204f95e000 rw-p 00000000 00:00 0                          [stack:2989]
7f204f95e000-7f204f95f000 ---p 00000000 00:00 0 
7f204f95f000-7f204fa5f000 rw-p 00000000 00:00 0                          [stack:2988]
7f204fa5f000-7f204fa60000 ---p 00000000 00:00 0 
7f204fa60000-7f204fb60000 rw-p 00000000 00:00 0                          [stack:2987]
7f204fb60000-7f204fb61000 ---p 00000000 00:00 0 
7f204fb61000-7f204fc61000 rw-p 00000000 00:00 0                          [stack:2986]
7f204fc61000-7f204fc62000 ---p 00000000 00:00 0 
7f204fc62000-7f204fd6d000 rw-p 00000000 00:00 0                          [stack:2985]
7f204fd6d000-7f204fd8b000 rw-p 00000000 00:00 0 
7f204fd8b000-7f204fd9f000 rw-p 00000000 00:00 0 
7f204fd9f000-7f204feca000 rw-p 00000000 00:00 0 
7f204feca000-7f204fed5000 rw-p 00000000 00:00 0 
7f204fed5000-7f204ff6a000 rw-p 00000000 00:00 0 
7f204ff6a000-7f204ff6b000 rw-p 00000000 00:00 0 
7f204ff6b000-7f20501db000 rwxp 00000000 00:00 0 
7f20501db000-7f2052f6b000 rw-p 00000000 00:00 0 
7f2052f6b000-7f2052f82000 r-xp 00000000 08:02 10760977                   /usr/lib/jvm/java-7-oracle/jre/lib/amd64/libzip.so
7f2052f82000-7f2053182000 ---p 00017000 08:02 10760977                   /usr/lib/jvm/java-7-oracle/jre/lib/amd64/libzip.so
7f2053182000-7f2053183000 rw-p 00017000 08:02 10760977                   /usr/lib/jvm/java-7-oracle/jre/lib/amd64/libzip.so
7f2053183000-7f205318e000 r-xp 00000000 08:02 3150011                    /lib/x86_64-linux-gnu/libnss_files-2.19.so
7f205318e000-7f205338d000 ---p 0000b000 08:02 3150011                    /lib/x86_64-linux-gnu/libnss_files-2.19.so
7f205338d000-7f205338e000 r--p 0000a000 08:02 3150011                    /lib/x86_64-linux-gnu/libnss_files-2.19.so
7f205338e000-7f205338f000 rw-p 0000b000 08:02 3150011                    /lib/x86_64-linux-gnu/libnss_files-2.19.so
7f205338f000-7f205339a000 r-xp 00000000 08:02 3150021                    /lib/x86_64-linux-gnu/libnss_nis-2.19.so
7f205339a000-7f2053599000 ---p 0000b000 08:02 3150021                    /lib/x86_64-linux-gnu/libnss_nis-2.19.so
7f2053599000-7f205359a000 r--p 0000a000 08:02 3150021                    /lib/x86_64-linux-gnu/libnss_nis-2.19.so
7f205359a000-7f205359b000 rw-p 0000b000 08:02 3150021                    /lib/x86_64-linux-gnu/libnss_nis-2.19.so
7f205359b000-7f20535b2000 r-xp 00000000 08:02 3150005                    /lib/x86_64-linux-gnu/libnsl-2.19.so
7f20535b2000-7f20537b1000 ---p 00017000 08:02 3150005                    /lib/x86_64-linux-gnu/libnsl-2.19.so
7f20537b1000-7f20537b2000 r--p 00016000 08:02 3150005                    /lib/x86_64-linux-gnu/libnsl-2.19.so
7f20537b2000-7f20537b3000 rw-p 00017000 08:02 3150005                    /lib/x86_64-linux-gnu/libnsl-2.19.so
7f20537b3000-7f20537b5000 rw-p 00000000 00:00 0 
7f20537b5000-7f20537be000 r-xp 00000000 08:02 3150007                    /lib/x86_64-linux-gnu/libnss_compat-2.19.so
7f20537be000-7f20539bd000 ---p 00009000 08:02 3150007                    /lib/x86_64-linux-gnu/libnss_compat-2.19.so
7f20539bd000-7f20539be000 r--p 00008000 08:02 3150007                    /lib/x86_64-linux-gnu/libnss_compat-2.19.so
7f20539be000-7f20539bf000 rw-p 00009000 08:02 3150007                    /lib/x86_64-linux-gnu/libnss_compat-2.19.so
7f20539bf000-7f20539e8000 r-xp 00000000 08:02 10760954                   /usr/lib/jvm/java-7-oracle/jre/lib/amd64/libjava.so
7f20539e8000-7f2053be8000 ---p 00029000 08:02 10760954                   /usr/lib/jvm/java-7-oracle/jre/lib/amd64/libjava.so
7f2053be8000-7f2053bea000 rw-p 00029000 08:02 10760954                   /usr/lib/jvm/java-7-oracle/jre/lib/amd64/libjava.so
7f2053bea000-7f2053bf7000 r-xp 00000000 08:02 10760955                   /usr/lib/jvm/java-7-oracle/jre/lib/amd64/libverify.so
7f2053bf7000-7f2053df6000 ---p 0000d000 08:02 10760955                   /usr/lib/jvm/java-7-oracle/jre/lib/amd64/libverify.so
7f2053df6000-7f2053df8000 rw-p 0000c000 08:02 10760955                   /usr/lib/jvm/java-7-oracle/jre/lib/amd64/libverify.so
7f2053df8000-7f2053dff000 r-xp 00000000 08:02 3150064                    /lib/x86_64-linux-gnu/librt-2.19.so
7f2053dff000-7f2053ffe000 ---p 00007000 08:02 3150064                    /lib/x86_64-linux-gnu/librt-2.19.so
7f2053ffe000-7f2053fff000 r--p 00006000 08:02 3150064                    /lib/x86_64-linux-gnu/librt-2.19.so
7f2053fff000-7f2054000000 rw-p 00007000 08:02 3150064                    /lib/x86_64-linux-gnu/librt-2.19.so
7f2054000000-7f205421f000 rw-p 00000000 00:00 0 
7f205421f000-7f2058000000 ---p 00000000 00:00 0 
7f205801c000-7f2058070000 rw-p 00000000 00:00 0 
7f2058070000-7f205808e000 rw-p 00000000 00:00 0 
7f205808e000-7f20580a2000 rw-p 00000000 00:00 0 
7f20580a2000-7f20581ce000 rw-p 00000000 00:00 0 
7f20581ce000-7f20582d3000 r-xp 00000000 08:02 3149986                    /lib/x86_64-linux-gnu/libm-2.19.so
7f20582d3000-7f20584d2000 ---p 00105000 08:02 3149986                    /lib/x86_64-linux-gnu/libm-2.19.so
7f20584d2000-7f20584d3000 r--p 00104000 08:02 3149986                    /lib/x86_64-linux-gnu/libm-2.19.so
7f20584d3000-7f20584d4000 rw-p 00105000 08:02 3149986                    /lib/x86_64-linux-gnu/libm-2.19.so
7f20584d4000-7f205904a000 r-xp 00000000 08:02 11408127                   /usr/lib/jvm/java-7-oracle/jre/lib/amd64/server/libjvm.so
7f205904a000-7f2059249000 ---p 00b76000 08:02 11408127                   /usr/lib/jvm/java-7-oracle/jre/lib/amd64/server/libjvm.so
7f2059249000-7f205930d000 rw-p 00b75000 08:02 11408127                   /usr/lib/jvm/java-7-oracle/jre/lib/amd64/server/libjvm.so
7f205930d000-7f205934e000 rw-p 00000000 00:00 0 
7f205934e000-7f2059509000 r-xp 00000000 08:02 3149936                    /lib/x86_64-linux-gnu/libc-2.19.so
7f2059509000-7f2059708000 ---p 001bb000 08:02 3149936                    /lib/x86_64-linux-gnu/libc-2.19.so
7f2059708000-7f205970c000 r--p 001ba000 08:02 3149936                    /lib/x86_64-linux-gnu/libc-2.19.so
7f205970c000-7f205970e000 rw-p 001be000 08:02 3149936                    /lib/x86_64-linux-gnu/libc-2.19.so
7f205970e000-7f2059713000 rw-p 00000000 00:00 0 
7f2059713000-7f2059716000 r-xp 00000000 08:02 3149953                    /lib/x86_64-linux-gnu/libdl-2.19.so
7f2059716000-7f2059915000 ---p 00003000 08:02 3149953                    /lib/x86_64-linux-gnu/libdl-2.19.so
7f2059915000-7f2059916000 r--p 00002000 08:02 3149953                    /lib/x86_64-linux-gnu/libdl-2.19.so
7f2059916000-7f2059917000 rw-p 00003000 08:02 3149953                    /lib/x86_64-linux-gnu/libdl-2.19.so
7f2059917000-7f205992c000 r-xp 00000000 08:02 1052017                    /usr/lib/jvm/java-7-oracle/lib/amd64/jli/libjli.so
7f205992c000-7f2059b2b000 ---p 00015000 08:02 1052017                    /usr/lib/jvm/java-7-oracle/lib/amd64/jli/libjli.so
7f2059b2b000-7f2059b2c000 rw-p 00014000 08:02 1052017                    /usr/lib/jvm/java-7-oracle/lib/amd64/jli/libjli.so
7f2059b2c000-7f2059b45000 r-xp 00000000 08:02 3150056                    /lib/x86_64-linux-gnu/libpthread-2.19.so
7f2059b45000-7f2059d44000 ---p 00019000 08:02 3150056                    /lib/x86_64-linux-gnu/libpthread-2.19.so
7f2059d44000-7f2059d45000 r--p 00018000 08:02 3150056                    /lib/x86_64-linux-gnu/libpthread-2.19.so
7f2059d45000-7f2059d46000 rw-p 00019000 08:02 3150056                    /lib/x86_64-linux-gnu/libpthread-2.19.so
7f2059d46000-7f2059d4a000 rw-p 00000000 00:00 0 
7f2059d4a000-7f2059d6d000 r-xp 00000000 08:02 3149912                    /lib/x86_64-linux-gnu/ld-2.19.so
7f2059d70000-7f2059d77000 r--s 00000000 08:02 11141999                   /usr/lib/x86_64-linux-gnu/gconv/gconv-modules.cache
7f2059d77000-7f2059d96000 rw-p 00000000 00:00 0 
7f2059d96000-7f2059e4c000 rw-p 00000000 00:00 0 
7f2059e4c000-7f2059e4f000 ---p 00000000 00:00 0 
7f2059e4f000-7f2059f51000 rw-p 00000000 00:00 0                          [stack:2984]
7f2059f55000-7f2059f60000 r--s 0037c000 08:02 10761002                   /usr/lib/jvm/java-7-oracle/jre/lib/charsets.jar
7f2059f60000-7f2059f68000 rw-s 00000000 08:02 1973939                    /tmp/hsperfdata_lab/2980
7f2059f68000-7f2059f69000 rw-p 00000000 00:00 0 
7f2059f69000-7f2059f6a000 r--p 00000000 00:00 0 
7f2059f6a000-7f2059f6c000 rw-p 00000000 00:00 0 
7f2059f6c000-7f2059f6d000 r--p 00022000 08:02 3149912                    /lib/x86_64-linux-gnu/ld-2.19.so
7f2059f6d000-7f2059f6e000 rw-p 00023000 08:02 3149912                    /lib/x86_64-linux-gnu/ld-2.19.so
7f2059f6e000-7f2059f6f000 rw-p 00000000 00:00 0 
7fff309cc000-7fff309ed000 rw-p 00000000 00:00 0                          [stack]
7fff309f3000-7fff309f5000 r--p 00000000 00:00 0                          [vvar]
7fff309f5000-7fff309f7000 r-xp 00000000 00:00 0                          [vdso]
ffffffffff600000-ffffffffff601000 r-xp 00000000 00:00 0                  [vsyscall]

VM Arguments:
jvm_args: -Dfile.encoding=UTF-8 
java_command: ufrochess.UfroChess
Launcher Type: SUN_STANDARD

Environment Variables:
JAVA_HOME=/usr/lib/jvm/java-7-oracle
PATH=/usr/local/sbin:/usr/local/bin:/usr/sbin:/usr/bin:/sbin:/bin:/usr/games:/usr/local/games:/usr/lib/jvm/java-7-oracle/bin:/usr/lib/jvm/java-7-oracle/db/bin:/usr/lib/jvm/java-7-oracle/jre/bin
LD_LIBRARY_PATH=/usr/lib/jvm/java-7-oracle/jre/lib/amd64:/usr/lib/jvm/java-7-oracle/jre/lib/i386:
SHELL=/bin/bash
DISPLAY=:0

Signal Handlers:
SIGSEGV: [libjvm.so+0x9a3b20], sa_mask[0]=0x7ffbfeff, sa_flags=0x10000004
SIGBUS: [libjvm.so+0x9a3b20], sa_mask[0]=0x7ffbfeff, sa_flags=0x10000004
SIGFPE: [libjvm.so+0x81e740], sa_mask[0]=0x7ffbfeff, sa_flags=0x10000004
SIGPIPE: [libjvm.so+0x81e740], sa_mask[0]=0x7ffbfeff, sa_flags=0x10000004
SIGXFSZ: [libjvm.so+0x81e740], sa_mask[0]=0x7ffbfeff, sa_flags=0x10000004
SIGILL: [libjvm.so+0x81e740], sa_mask[0]=0x7ffbfeff, sa_flags=0x10000004
SIGUSR1: SIG_DFL, sa_mask[0]=0x00000000, sa_flags=0x00000000
SIGUSR2: [libjvm.so+0x81ffb0], sa_mask[0]=0x00000004, sa_flags=0x10000004
SIGHUP: [libjvm.so+0x8210d0], sa_mask[0]=0x7ffbfeff, sa_flags=0x10000004
SIGINT: SIG_IGN, sa_mask[0]=0x00000000, sa_flags=0x00000000
SIGTERM: [libjvm.so+0x8210d0], sa_mask[0]=0x7ffbfeff, sa_flags=0x10000004
SIGQUIT: [libjvm.so+0x8210d0], sa_mask[0]=0x7ffbfeff, sa_flags=0x10000004


---------------  S Y S T E M  ---------------

OS:jessie/sid

uname:Linux 3.19.0-28-generic #30~14.04.1-Ubuntu SMP Tue Sep 1 09:32:55 UTC 2015 x86_64
libc:glibc 2.19 NPTL 2.19 
rlimit: STACK 8192k, CORE 0k, NPROC 15213, NOFILE 4096, AS infinity
load average:0,58 0,34 0,27

/proc/meminfo:
MemTotal:        3916100 kB
MemFree:         2268976 kB
MemAvailable:    2774948 kB
Buffers:           68764 kB
Cached:           594684 kB
SwapCached:            0 kB
Active:          1261548 kB
Inactive:         243852 kB
Active(anon):     842712 kB
Inactive(anon):    10288 kB
Active(file):     418836 kB
Inactive(file):   233564 kB
Unevictable:          16 kB
Mlocked:              16 kB
SwapTotal:             0 kB
SwapFree:              0 kB
Dirty:              2048 kB
Writeback:             0 kB
AnonPages:        841708 kB
Mapped:           138388 kB
Shmem:             10996 kB
Slab:              77428 kB
SReclaimable:      44996 kB
SUnreclaim:        32432 kB
KernelStack:        9600 kB
PageTables:        12188 kB
NFS_Unstable:          0 kB
Bounce:                0 kB
WritebackTmp:          0 kB
CommitLimit:     1958048 kB
Committed_AS:    2374828 kB
VmallocTotal:   34359738367 kB
VmallocUsed:      372392 kB
VmallocChunk:   34359361276 kB
HardwareCorrupted:     0 kB
AnonHugePages:    917504 kB
CmaTotal:              0 kB
CmaFree:               0 kB
HugePages_Total:       0
HugePages_Free:        0
HugePages_Rsvd:        0
HugePages_Surp:        0
Hugepagesize:       2048 kB
DirectMap4k:      111008 kB
DirectMap2M:     2904064 kB
DirectMap1G:     1048576 kB


CPU:total 8 (4 cores per cpu, 2 threads per core) family 6 model 60 stepping 3, cmov, cx8, fxsr, mmx, sse, sse2, sse3, ssse3, sse4.1, sse4.2, popcnt, avx, avx2, aes, erms, ht, tsc, tscinvbit

/proc/cpuinfo:
processor	: 0
vendor_id	: GenuineIntel
cpu family	: 6
model		: 60
model name	: Intel(R) Core(TM) i7-4790 CPU @ 3.60GHz
stepping	: 3
microcode	: 0x19
cpu MHz		: 3769.171
cache size	: 8192 KB
physical id	: 0
siblings	: 8
core id		: 0
cpu cores	: 4
apicid		: 0
initial apicid	: 0
fpu		: yes
fpu_exception	: yes
cpuid level	: 13
wp		: yes
flags		: fpu vme de pse tsc msr pae mce cx8 apic sep mtrr pge mca cmov pat pse36 clflush dts acpi mmx fxsr sse sse2 ss ht tm pbe syscall nx pdpe1gb rdtscp lm constant_tsc arch_perfmon pebs bts rep_good nopl xtopology nonstop_tsc aperfmperf eagerfpu pni pclmulqdq dtes64 monitor ds_cpl vmx smx est tm2 ssse3 fma cx16 xtpr pdcm pcid sse4_1 sse4_2 x2apic movbe popcnt tsc_deadline_timer aes xsave avx f16c rdrand lahf_lm abm ida arat epb pln pts dtherm tpr_shadow vnmi flexpriority ept vpid fsgsbase tsc_adjust bmi1 hle avx2 smep bmi2 erms invpcid rtm xsaveopt
bugs		:
bogomips	: 7183.98
clflush size	: 64
cache_alignment	: 64
address sizes	: 39 bits physical, 48 bits virtual
power management:

processor	: 1
vendor_id	: GenuineIntel
cpu family	: 6
model		: 60
model name	: Intel(R) Core(TM) i7-4790 CPU @ 3.60GHz
stepping	: 3
microcode	: 0x19
cpu MHz		: 3773.109
cache size	: 8192 KB
physical id	: 0
siblings	: 8
core id		: 1
cpu cores	: 4
apicid		: 2
initial apicid	: 2
fpu		: yes
fpu_exception	: yes
cpuid level	: 13
wp		: yes
flags		: fpu vme de pse tsc msr pae mce cx8 apic sep mtrr pge mca cmov pat pse36 clflush dts acpi mmx fxsr sse sse2 ss ht tm pbe syscall nx pdpe1gb rdtscp lm constant_tsc arch_perfmon pebs bts rep_good nopl xtopology nonstop_tsc aperfmperf eagerfpu pni pclmulqdq dtes64 monitor ds_cpl vmx smx est tm2 ssse3 fma cx16 xtpr pdcm pcid sse4_1 sse4_2 x2apic movbe popcnt tsc_deadline_timer aes xsave avx f16c rdrand lahf_lm abm ida arat epb pln pts dtherm tpr_shadow vnmi flexpriority ept vpid fsgsbase tsc_adjust bmi1 hle avx2 smep bmi2 erms invpcid rtm xsaveopt
bugs		:
bogomips	: 7183.98
clflush size	: 64
cache_alignment	: 64
address sizes	: 39 bits physical, 48 bits virtual
power management:

processor	: 2
vendor_id	: GenuineIntel
cpu family	: 6
model		: 60
model name	: Intel(R) Core(TM) i7-4790 CPU @ 3.60GHz
stepping	: 3
microcode	: 0x19
cpu MHz		: 3799.968
cache size	: 8192 KB
physical id	: 0
siblings	: 8
core id		: 2
cpu cores	: 4
apicid		: 4
initial apicid	: 4
fpu		: yes
fpu_exception	: yes
cpuid level	: 13
wp		: yes
flags		: fpu vme de pse tsc msr pae mce cx8 apic sep mtrr pge mca cmov pat pse36 clflush dts acpi mmx fxsr sse sse2 ss ht tm pbe syscall nx pdpe1gb rdtscp lm constant_tsc arch_perfmon pebs bts rep_good nopl xtopology nonstop_tsc aperfmperf eagerfpu pni pclmulqdq dtes64 monitor ds_cpl vmx smx est tm2 ssse3 fma cx16 xtpr pdcm pcid sse4_1 sse4_2 x2apic movbe popcnt tsc_deadline_timer aes xsave avx f16c rdrand lahf_lm abm ida arat epb pln pts dtherm tpr_shadow vnmi flexpriority ept vpid fsgsbase tsc_adjust bmi1 hle avx2 smep bmi2 erms invpcid rtm xsaveopt
bugs		:
bogomips	: 7183.98
clflush size	: 64
cache_alignment	: 64
address sizes	: 39 bits physical, 48 bits virtual
power management:

processor	: 3
vendor_id	: GenuineIntel
cpu family	: 6
model		: 60
model name	: Intel(R) Core(TM) i7-4790 CPU @ 3.60GHz
stepping	: 3
microcode	: 0x19
cpu MHz		: 3503.250
cache size	: 8192 KB
physical id	: 0
siblings	: 8
core id		: 3
cpu cores	: 4
apicid		: 6
initial apicid	: 6
fpu		: yes
fpu_exception	: yes
cpuid level	: 13
wp		: yes
flags		: fpu vme de pse tsc msr pae mce cx8 apic sep mtrr pge mca cmov pat pse36 clflush dts acpi mmx fxsr sse sse2 ss ht tm pbe syscall nx pdpe1gb rdtscp lm constant_tsc arch_perfmon pebs bts rep_good nopl xtopology nonstop_tsc aperfmperf eagerfpu pni pclmulqdq dtes64 monitor ds_cpl vmx smx est tm2 ssse3 fma cx16 xtpr pdcm pcid sse4_1 sse4_2 x2apic movbe popcnt tsc_deadline_timer aes xsave avx f16c rdrand lahf_lm abm ida arat epb pln pts dtherm tpr_shadow vnmi flexpriority ept vpid fsgsbase tsc_adjust bmi1 hle avx2 smep bmi2 erms invpcid rtm xsaveopt
bugs		:
bogomips	: 7183.98
clflush size	: 64
cache_alignment	: 64
address sizes	: 39 bits physical, 48 bits virtual
power management:

processor	: 4
vendor_id	: GenuineIntel
cpu family	: 6
model		: 60
model name	: Intel(R) Core(TM) i7-4790 CPU @ 3.60GHz
stepping	: 3
microcode	: 0x19
cpu MHz		: 3799.968
cache size	: 8192 KB
physical id	: 0
siblings	: 8
core id		: 0
cpu cores	: 4
apicid		: 1
initial apicid	: 1
fpu		: yes
fpu_exception	: yes
cpuid level	: 13
wp		: yes
flags		: fpu vme de pse tsc msr pae mce cx8 apic sep mtrr pge mca cmov pat pse36 clflush dts acpi mmx fxsr sse sse2 ss ht tm pbe syscall nx pdpe1gb rdtscp lm constant_tsc arch_perfmon pebs bts rep_good nopl xtopology nonstop_tsc aperfmperf eagerfpu pni pclmulqdq dtes64 monitor ds_cpl vmx smx est tm2 ssse3 fma cx16 xtpr pdcm pcid sse4_1 sse4_2 x2apic movbe popcnt tsc_deadline_timer aes xsave avx f16c rdrand lahf_lm abm ida arat epb pln pts dtherm tpr_shadow vnmi flexpriority ept vpid fsgsbase tsc_adjust bmi1 hle avx2 smep bmi2 erms invpcid rtm xsaveopt
bugs		:
bogomips	: 7183.98
clflush size	: 64
cache_alignment	: 64
address sizes	: 39 bits physical, 48 bits virtual
power management:

processor	: 5
vendor_id	: GenuineIntel
cpu family	: 6
model		: 60
model name	: Intel(R) Core(TM) i7-4790 CPU @ 3.60GHz
stepping	: 3
microcode	: 0x19
cpu MHz		: 3754.265
cache size	: 8192 KB
physical id	: 0
siblings	: 8
core id		: 1
cpu cores	: 4
apicid		: 3
initial apicid	: 3
fpu		: yes
fpu_exception	: yes
cpuid level	: 13
wp		: yes
flags		: fpu vme de pse tsc msr pae mce cx8 apic sep mtrr pge mca cmov pat pse36 clflush dts acpi mmx fxsr sse sse2 ss ht tm pbe syscall nx pdpe1gb rdtscp lm constant_tsc arch_perfmon pebs bts rep_good nopl xtopology nonstop_tsc aperfmperf eagerfpu pni pclmulqdq dtes64 monitor ds_cpl vmx smx est tm2 ssse3 fma cx16 xtpr pdcm pcid sse4_1 sse4_2 x2apic movbe popcnt tsc_deadline_timer aes xsave avx f16c rdrand lahf_lm abm ida arat epb pln pts dtherm tpr_shadow vnmi flexpriority ept vpid fsgsbase tsc_adjust bmi1 hle avx2 smep bmi2 erms invpcid rtm xsaveopt
bugs		:
bogomips	: 7183.98
clflush size	: 64
cache_alignment	: 64
address sizes	: 39 bits physical, 48 bits virtual
power management:

processor	: 6
vendor_id	: GenuineIntel
cpu family	: 6
model		: 60
model name	: Intel(R) Core(TM) i7-4790 CPU @ 3.60GHz
stepping	: 3
microcode	: 0x19
cpu MHz		: 3799.968
cache size	: 8192 KB
physical id	: 0
siblings	: 8
core id		: 2
cpu cores	: 4
apicid		: 5
initial apicid	: 5
fpu		: yes
fpu_exception	: yes
cpuid level	: 13
wp		: yes
flags		: fpu vme de pse tsc msr pae mce cx8 apic sep mtrr pge mca cmov pat pse36 clflush dts acpi mmx fxsr sse sse2 ss ht tm pbe syscall nx pdpe1gb rdtscp lm constant_tsc arch_perfmon pebs bts rep_good nopl xtopology nonstop_tsc aperfmperf eagerfpu pni pclmulqdq dtes64 monitor ds_cpl vmx smx est tm2 ssse3 fma cx16 xtpr pdcm pcid sse4_1 sse4_2 x2apic movbe popcnt tsc_deadline_timer aes xsave avx f16c rdrand lahf_lm abm ida arat epb pln pts dtherm tpr_shadow vnmi flexpriority ept vpid fsgsbase tsc_adjust bmi1 hle avx2 smep bmi2 erms invpcid rtm xsaveopt
bugs		:
bogomips	: 7183.98
clflush size	: 64
cache_alignment	: 64
address sizes	: 39 bits physical, 48 bits virtual
power management:

processor	: 7
vendor_id	: GenuineIntel
cpu family	: 6
model		: 60
model name	: Intel(R) Core(TM) i7-4790 CPU @ 3.60GHz
stepping	: 3
microcode	: 0x19
cpu MHz		: 3799.968
cache size	: 8192 KB
physical id	: 0
siblings	: 8
core id		: 3
cpu cores	: 4
apicid		: 7
initial apicid	: 7
fpu		: yes
fpu_exception	: yes
cpuid level	: 13
wp		: yes
flags		: fpu vme de pse tsc msr pae mce cx8 apic sep mtrr pge mca cmov pat pse36 clflush dts acpi mmx fxsr sse sse2 ss ht tm pbe syscall nx pdpe1gb rdtscp lm constant_tsc arch_perfmon pebs bts rep_good nopl xtopology nonstop_tsc aperfmperf eagerfpu pni pclmulqdq dtes64 monitor ds_cpl vmx smx est tm2 ssse3 fma cx16 xtpr pdcm pcid sse4_1 sse4_2 x2apic movbe popcnt tsc_deadline_timer aes xsave avx f16c rdrand lahf_lm abm ida arat epb pln pts dtherm tpr_shadow vnmi flexpriority ept vpid fsgsbase tsc_adjust bmi1 hle avx2 smep bmi2 erms invpcid rtm xsaveopt
bugs		:
bogomips	: 7183.98
clflush size	: 64
cache_alignment	: 64
address sizes	: 39 bits physical, 48 bits virtual
power management:



Memory: 4k page, physical 3916100k(2268976k free), swap 0k(0k free)

vm_info: Java HotSpot(TM) 64-Bit Server VM (24.80-b11) for linux-amd64 JRE (1.7.0_80-b15), built on Apr 10 2015 19:53:14 by "java_re" with gcc 4.3.0 20080428 (Red Hat 4.3.0-8)

time: Tue Sep 13 16:43:58 2016
elapsed time: 2207 seconds

